<?xml version="1.0" encoding="UTF-8"?>
<!-- Generated by org.testng.reporters.JUnitXMLReporter -->
<testsuite hostname="Rohit-PC" ignored="4" name="Default test" tests="1" failures="0" timestamp="2022-04-14T15:40:35 IST" time="3.961" errors="0">
  <testcase name="testGet" time="3.899" classname="test.CRUDMethod"/>
  <testcase name="testPost" time="0.0" classname="test.CRUDMethod">
    <ignored/>
  </testcase> <!-- testPost -->
  <testcase name="testDelete" time="0.0" classname="test.CRUDMethod">
    <ignored/>
  </testcase> <!-- testDelete -->
  <testcase name="testPut" time="0.0" classname="test.CRUDMethod">
    <ignored/>
  </testcase> <!-- testPut -->
  <testcase name="testPatch" time="0.0" classname="test.CRUDMethod">
    <ignored/>
  </testcase> <!-- testPatch -->
</testsuite> <!-- Default test -->
