<?xml version="1.0" encoding="UTF-8"?>
<testng-results skipped="0" failed="0" ignored="0" total="1" passed="1">
  <reporter-output>
  </reporter-output>
  <suite name="Default suite" duration-ms="4070" started-at="2022-04-16T16:48:46 IST" finished-at="2022-04-16T16:48:50 IST">
    <groups>
    </groups>
    <test name="Default test" duration-ms="4070" started-at="2022-04-16T16:48:46 IST" finished-at="2022-04-16T16:48:50 IST">
      <class name="test.JsonSchemaValidate">
        <test-method status="PASS" signature="getMethodSchemaValidate()[pri:0, instance:test.JsonSchemaValidate@78e67e0a]" name="getMethodSchemaValidate" duration-ms="4007" started-at="2022-04-16T16:48:46 IST" finished-at="2022-04-16T16:48:50 IST">
          <reporter-output>
          </reporter-output>
        </test-method> <!-- getMethodSchemaValidate -->
      </class> <!-- test.JsonSchemaValidate -->
    </test> <!-- Default test -->
  </suite> <!-- Default suite -->
</testng-results>
