<?xml version="1.0" encoding="UTF-8"?>
<testng-results skipped="0" failed="0" ignored="4" total="5" passed="1">
  <reporter-output>
  </reporter-output>
  <suite name="Default suite" duration-ms="3961" started-at="2022-04-14T15:40:31 IST" finished-at="2022-04-14T15:40:35 IST">
    <groups>
    </groups>
    <test name="Default test" duration-ms="3961" started-at="2022-04-14T15:40:31 IST" finished-at="2022-04-14T15:40:35 IST">
      <class name="test.CRUDMethod">
        <test-method status="PASS" signature="testGet()[pri:0, instance:test.CRUDMethod@2bbf4b8b]" name="testGet" duration-ms="3899" started-at="2022-04-14T15:40:31 IST" finished-at="2022-04-14T15:40:35 IST">
          <reporter-output>
          </reporter-output>
        </test-method> <!-- testGet -->
      </class> <!-- test.CRUDMethod -->
    </test> <!-- Default test -->
  </suite> <!-- Default suite -->
</testng-results>
